<?xml version="1.0" encoding="UTF-8"?>
<testsuite xmlns:xsi="http://www.w3.org/2001/XMLSchema-instance" xsi:noNamespaceSchemaLocation="https://maven.apache.org/surefire/maven-surefire-plugin/xsd/surefire-test-report.xsd" name="com.nttdata.spring.spark.springsparkwordcount.SpringSparkWordCountApplicationTests" time="0.965" tests="1" errors="1" skipped="0" failures="0">
  <properties>
[...]
</properties>
  <testcase name="com.nttdata.spring.spark.springsparkwordcount.SpringSparkWordCountApplicationTests" classname="com.nttdata.spring.spark.springsparkwordcount.SpringSparkWordCountApplicationTests" time="0.963">
    <error message="Unable to find a @SpringBootConfiguration, you need to use @ContextConfiguration or @SpringBootTest(classes=...) with your test" type="java.lang.IllegalStateException">java.lang.IllegalStateException: Unable to find a @SpringBootConfiguration, you need to use @ContextConfiguration or @SpringBootTest(classes=...) with your test
</error>
    <system-out><![CDATA[07:44:01.217 [main] DEBUG org.springframework.test.context.BootstrapUtils - Instantiating CacheAwareContextLoaderDelegate from class [org.springframework.test.context.cache.DefaultCacheAwareContextLoaderDelegate]
07:44:01.235 [main] DEBUG org.springframework.test.context.BootstrapUtils - Instantiating BootstrapContext using constructor [public org.springframework.test.context.support.DefaultBootstrapContext(java.lang.Class,org.springframework.test.context.CacheAwareContextLoaderDelegate)]
07:44:01.283 [main] DEBUG org.springframework.test.context.BootstrapUtils - Instantiating TestContextBootstrapper for test class [com.nttdata.spring.spark.springsparkwordcount.SpringSparkWordCountApplicationTests] from class [org.springframework.boot.test.context.SpringBootTestContextBootstrapper]
07:44:01.304 [main] INFO org.springframework.boot.test.context.SpringBootTestContextBootstrapper - Neither @ContextConfiguration nor @ContextHierarchy found for test class [com.nttdata.spring.spark.springsparkwordcount.SpringSparkWordCountApplicationTests], using SpringBootContextLoader
07:44:01.311 [main] DEBUG org.springframework.test.context.support.AbstractContextLoader - Did not detect default resource location for test class [com.nttdata.spring.spark.springsparkwordcount.SpringSparkWordCountApplicationTests]: class path resource [com/nttdata/spring/spark/springsparkwordcount/SpringSparkWordCountApplicationTests-context.xml] does not exist
07:44:01.312 [main] DEBUG org.springframework.test.context.support.AbstractContextLoader - Did not detect default resource location for test class [com.nttdata.spring.spark.springsparkwordcount.SpringSparkWordCountApplicationTests]: class path resource [com/nttdata/spring/spark/springsparkwordcount/SpringSparkWordCountApplicationTestsContext.groovy] does not exist
07:44:01.312 [main] INFO org.springframework.test.context.support.AbstractContextLoader - Could not detect default resource locations for test class [com.nttdata.spring.spark.springsparkwordcount.SpringSparkWordCountApplicationTests]: no resource found for suffixes {-context.xml, Context.groovy}.
07:44:01.313 [main] INFO org.springframework.test.context.support.AnnotationConfigContextLoaderUtils - Could not detect default configuration classes for test class [com.nttdata.spring.spark.springsparkwordcount.SpringSparkWordCountApplicationTests]: SpringSparkWordCountApplicationTests does not declare any static, non-private, non-final, nested classes annotated with @Configuration.
07:44:01.384 [main] DEBUG org.springframework.test.context.support.ActiveProfilesUtils - Could not find an 'annotation declaring class' for annotation type [org.springframework.test.context.ActiveProfiles] and class [com.nttdata.spring.spark.springsparkwordcount.SpringSparkWordCountApplicationTests]
07:44:01.522 [main] DEBUG org.springframework.test.context.BootstrapUtils - Instantiating CacheAwareContextLoaderDelegate from class [org.springframework.test.context.cache.DefaultCacheAwareContextLoaderDelegate]
07:44:01.523 [main] DEBUG org.springframework.test.context.BootstrapUtils - Instantiating BootstrapContext using constructor [public org.springframework.test.context.support.DefaultBootstrapContext(java.lang.Class,org.springframework.test.context.CacheAwareContextLoaderDelegate)]
07:44:01.525 [main] DEBUG org.springframework.test.context.BootstrapUtils - Instantiating TestContextBootstrapper for test class [com.nttdata.spring.spark.springsparkwordcount.SpringSparkWordCountApplicationTests] from class [org.springframework.boot.test.context.SpringBootTestContextBootstrapper]
07:44:01.527 [main] INFO org.springframework.boot.test.context.SpringBootTestContextBootstrapper - Neither @ContextConfiguration nor @ContextHierarchy found for test class [com.nttdata.spring.spark.springsparkwordcount.SpringSparkWordCountApplicationTests], using SpringBootContextLoader
07:44:01.531 [main] DEBUG org.springframework.test.context.support.AbstractContextLoader - Did not detect default resource location for test class [com.nttdata.spring.spark.springsparkwordcount.SpringSparkWordCountApplicationTests]: class path resource [com/nttdata/spring/spark/springsparkwordcount/SpringSparkWordCountApplicationTests-context.xml] does not exist
07:44:01.532 [main] DEBUG org.springframework.test.context.support.AbstractContextLoader - Did not detect default resource location for test class [com.nttdata.spring.spark.springsparkwordcount.SpringSparkWordCountApplicationTests]: class path resource [com/nttdata/spring/spark/springsparkwordcount/SpringSparkWordCountApplicationTestsContext.groovy] does not exist
07:44:01.532 [main] INFO org.springframework.test.context.support.AbstractContextLoader - Could not detect default resource locations for test class [com.nttdata.spring.spark.springsparkwordcount.SpringSparkWordCountApplicationTests]: no resource found for suffixes {-context.xml, Context.groovy}.
07:44:01.532 [main] INFO org.springframework.test.context.support.AnnotationConfigContextLoaderUtils - Could not detect default configuration classes for test class [com.nttdata.spring.spark.springsparkwordcount.SpringSparkWordCountApplicationTests]: SpringSparkWordCountApplicationTests does not declare any static, non-private, non-final, nested classes annotated with @Configuration.
07:44:01.535 [main] DEBUG org.springframework.test.context.support.ActiveProfilesUtils - Could not find an 'annotation declaring class' for annotation type [org.springframework.test.context.ActiveProfiles] and class [com.nttdata.spring.spark.springsparkwordcount.SpringSparkWordCountApplicationTests]
07:44:01.610 [main] DEBUG org.springframework.test.context.BootstrapUtils - Instantiating CacheAwareContextLoaderDelegate from class [org.springframework.test.context.cache.DefaultCacheAwareContextLoaderDelegate]
07:44:01.612 [main] DEBUG org.springframework.test.context.BootstrapUtils - Instantiating BootstrapContext using constructor [public org.springframework.test.context.support.DefaultBootstrapContext(java.lang.Class,org.springframework.test.context.CacheAwareContextLoaderDelegate)]
07:44:01.613 [main] DEBUG org.springframework.test.context.BootstrapUtils - Instantiating TestContextBootstrapper for test class [com.nttdata.spring.spark.springsparkwordcount.SpringSparkWordCountApplicationTests] from class [org.springframework.boot.test.context.SpringBootTestContextBootstrapper]
07:44:01.615 [main] INFO org.springframework.boot.test.context.SpringBootTestContextBootstrapper - Neither @ContextConfiguration nor @ContextHierarchy found for test class [com.nttdata.spring.spark.springsparkwordcount.SpringSparkWordCountApplicationTests], using SpringBootContextLoader
07:44:01.617 [main] DEBUG org.springframework.test.context.support.AbstractContextLoader - Did not detect default resource location for test class [com.nttdata.spring.spark.springsparkwordcount.SpringSparkWordCountApplicationTests]: class path resource [com/nttdata/spring/spark/springsparkwordcount/SpringSparkWordCountApplicationTests-context.xml] does not exist
07:44:01.619 [main] DEBUG org.springframework.test.context.support.AbstractContextLoader - Did not detect default resource location for test class [com.nttdata.spring.spark.springsparkwordcount.SpringSparkWordCountApplicationTests]: class path resource [com/nttdata/spring/spark/springsparkwordcount/SpringSparkWordCountApplicationTestsContext.groovy] does not exist
07:44:01.619 [main] INFO org.springframework.test.context.support.AbstractContextLoader - Could not detect default resource locations for test class [com.nttdata.spring.spark.springsparkwordcount.SpringSparkWordCountApplicationTests]: no resource found for suffixes {-context.xml, Context.groovy}.
07:44:01.619 [main] INFO org.springframework.test.context.support.AnnotationConfigContextLoaderUtils - Could not detect default configuration classes for test class [com.nttdata.spring.spark.springsparkwordcount.SpringSparkWordCountApplicationTests]: SpringSparkWordCountApplicationTests does not declare any static, non-private, non-final, nested classes annotated with @Configuration.
07:44:01.622 [main] DEBUG org.springframework.test.context.support.ActiveProfilesUtils - Could not find an 'annotation declaring class' for annotation type [org.springframework.test.context.ActiveProfiles] and class [com.nttdata.spring.spark.springsparkwordcount.SpringSparkWordCountApplicationTests]
]]></system-out>
    <system-err><![CDATA[SLF4J: Class path contains multiple SLF4J bindings.
SLF4J: Found binding in [jar:file:/C:/Users/ulzlot/.m2/repository/ch/qos/logback/logback-classic/1.2.3/logback-classic-1.2.3.jar!/org/slf4j/impl/StaticLoggerBinder.class]
SLF4J: Found binding in [jar:file:/C:/Users/ulzlot/.m2/repository/org/slf4j/slf4j-log4j12/1.7.30/slf4j-log4j12-1.7.30.jar!/org/slf4j/impl/StaticLoggerBinder.class]
SLF4J: See http://www.slf4j.org/codes.html#multiple_bindings for an explanation.
SLF4J: Actual binding is of type [ch.qos.logback.classic.util.ContextSelectorStaticBinder]
]]></system-err>
  </testcase>
</testsuite>